gpuimage.dir\release\main.obj
gpuimage.dir\release\image.obj
gpuimage.dir\release\concepts.obj
gpuimage.dir\release\transforms.obj
gpuimage.dir\release\statistics.obj
c:\dev\repos\gpuimage\build\cmakefiles\generate.stamp
c:\dev\repos\gpuimage\build\gpuimage.dir\release\concepts.hpp.cache
c:\dev\repos\gpuimage\build\gpuimage.dir\release\image.cpp.cache
c:\dev\repos\gpuimage\build\gpuimage.dir\release\main.cpp.cache
c:\dev\repos\gpuimage\build\gpuimage.dir\release\statistics.hpp.cache
c:\dev\repos\gpuimage\build\gpuimage.dir\release\transforms.hpp.cache
c:\dev\repos\gpuimage\build\gpuimage.dir\release\concepts.obj
c:\dev\repos\gpuimage\build\gpuimage.dir\release\image.obj
c:\dev\repos\gpuimage\build\gpuimage.dir\release\statistics.obj
c:\dev\repos\gpuimage\build\gpuimage.dir\release\transforms.obj
c:\dev\repos\gpuimage\build\gpuimage.dir\release\gpuimage.tlog\cudacompile.read.1u.tlog
c:\dev\repos\gpuimage\build\gpuimage.dir\release\gpuimage.tlog\cudacompile.write.1u.tlog
c:\dev\repos\gpuimage\build\gpuimage.dir\release\gpuimage.tlog\custombuild.command.1.tlog
c:\dev\repos\gpuimage\build\gpuimage.dir\release\gpuimage.tlog\custombuild.read.1.tlog
c:\dev\repos\gpuimage\build\gpuimage.dir\release\gpuimage.tlog\custombuild.write.1.tlog
